c:\g_m_creater\g_m_creater\x64\debug\vc143.pdb
c:\g_m_creater\g_m_creater\x64\debug\vc143.idb
c:\g_m_creater\g_m_creater\x64\debug\main.obj
c:\g_m_creater\g_m_creater\x64\debug\g_m_gen.obj
c:\users\okabe\onedrive\ドキュメント\github\g_m_gen\g_m_creater\x64\debug\vc143.pdb
c:\users\okabe\onedrive\ドキュメント\github\g_m_gen\g_m_creater\x64\debug\vc143.idb
c:\users\okabe\onedrive\ドキュメント\github\g_m_gen\g_m_creater\x64\debug\main.obj
c:\users\okabe\onedrive\ドキュメント\github\g_m_gen\g_m_creater\x64\debug\g_m_gen.obj
c:\g_m_creater\x64\debug\g_m_creater.exe
c:\g_m_creater\g_m_creater\x64\debug\g_m_creater.ilk
c:\g_m_creater\x64\debug\g_m_creater.pdb
c:\users\okabe\onedrive\ドキュメント\github\g_m_gen\x64\debug\g_m_creater.exe
c:\users\okabe\onedrive\ドキュメント\github\g_m_gen\g_m_creater\x64\debug\g_m_creater.ilk
c:\users\okabe\onedrive\ドキュメント\github\g_m_gen\x64\debug\g_m_creater.pdb
c:\users\okabe\onedrive\ドキュメント\github\g_m_gen\g_m_creater\x64\debug\g_m_creater.obj
c:\users\okabe\onedrive\ドキュメント\github\g_m_gen\g_m_creater\x64\debug\g_m_creater.tlog\cl.command.1.tlog
c:\users\okabe\onedrive\ドキュメント\github\g_m_gen\g_m_creater\x64\debug\g_m_creater.tlog\cl.read.1.tlog
c:\users\okabe\onedrive\ドキュメント\github\g_m_gen\g_m_creater\x64\debug\g_m_creater.tlog\cl.write.1.tlog
c:\users\okabe\onedrive\ドキュメント\github\g_m_gen\g_m_creater\x64\debug\g_m_creater.tlog\link.command.1.tlog
c:\users\okabe\onedrive\ドキュメント\github\g_m_gen\g_m_creater\x64\debug\g_m_creater.tlog\link.read.1.tlog
c:\users\okabe\onedrive\ドキュメント\github\g_m_gen\g_m_creater\x64\debug\g_m_creater.tlog\link.write.1.tlog
